This is pdfTeX, Version 3.14159265-2.6-1.40.19 (TeX Live 2018) (preloaded format=pdflatex 2019.1.17)  22 FEB 2019 11:05
entering extended mode
 restricted \write18 enabled.
 %&-line parsing enabled.
**/Users/max/Documents/Uni/WS1819/BA/notes/summary.tex
(/Users/max/Documents/Uni/WS1819/BA/notes/summary.tex
LaTeX2e <2018-04-01> patch level 2
Babel <3.18> and hyphenation patterns for 84 language(s) loaded.

! LaTeX Error: File `cls/summary.cls' not found.

Type X to quit or <RETURN> to proceed,
or enter new name. (Default extension: cls)

Enter file name: 
! Emergency stop.
<read *> 
         
l.3 \usepackage
               {setspace}^^M
End of file on the terminal!

 
Here is how much of TeX's memory you used:
 11 strings out of 492649
 314 string characters out of 6129622
 56580 words of memory out of 5000000
 3991 multiletter control sequences out of 15000+600000
 3640 words of font info for 14 fonts, out of 8000000 for 9000
 1141 hyphenation exceptions out of 8191
 10i,0n,8p,109b,8s stack positions out of 5000i,500n,10000p,200000b,80000s
!  ==> Fatal error occurred, no output PDF file produced!
