This is pdfTeX, Version 3.14159265-2.6-1.40.19 (TeX Live 2018) (preloaded format=latex 2019.1.17)  7 FEB 2019 11:58
entering extended mode
 restricted \write18 enabled.
 %&-line parsing enabled.
**Teil2/teil2.tex
(./Teil2/teil2.tex
LaTeX2e <2018-04-01> patch level 2
Babel <3.18> and hyphenation patterns for 84 language(s) loaded.
! Undefined control sequence.
l.1 \section
            {Teil 2 - Spezifikations- und Modellierungssprachen}
? 
! Emergency stop.
l.1 \section
            {Teil 2 - Spezifikations- und Modellierungssprachen}
End of file on the terminal!

 
Here is how much of TeX's memory you used:
 6 strings out of 492650
 137 string characters out of 6129648
 56397 words of memory out of 5000000
 3988 multiletter control sequences out of 15000+600000
 3640 words of font info for 14 fonts, out of 8000000 for 9000
 1141 hyphenation exceptions out of 8191
 5i,0n,1p,78b,8s stack positions out of 5000i,500n,10000p,200000b,80000s
No pages of output.
